app/build/outputs/apk/manifest-merger-debug-report.txt
-- Merging decision tree log ---
manifest
ADDED from AndroidManifest.xml:17:1
	xmlns:android
		ADDED from AndroidManifest.xml:17:11
	package
		ADDED from AndroidManifest.xml:18:5
		INJECTED from AndroidManifest.xml:0:0
		INJECTED from AndroidManifest.xml:0:0
	android:versionName
		ADDED from AndroidManifest.xml:20:5
	android:versionCode
		ADDED from AndroidManifest.xml:19:5
		INJECTED from AndroidManifest.xml:0:0
		INJECTED from AndroidManifest.xml:0:0
uses-permission#android.permission.INTERNET
ADDED from AndroidManifest.xml:21:5
	android:name
		ADDED from AndroidManifest.xml:21:22
uses-permission#android.permission.ACCESS_NETWORK_STATE
ADDED from AndroidManifest.xml:22:5
	android:name
		ADDED from AndroidManifest.xml:22:22
uses-permission#android.permission.WRITE_EXTERNAL_STORAGE
ADDED from AndroidManifest.xml:23:5
	android:name
		ADDED from AndroidManifest.xml:23:22
uses-permission#android.permission.ACCESS_COARSE_LOCATION
ADDED from AndroidManifest.xml:26:5
	android:name
		ADDED from AndroidManifest.xml:26:22
uses-permission#android.permission.ACCESS_FINE_LOCATION
ADDED from AndroidManifest.xml:27:5
	android:name
		ADDED from AndroidManifest.xml:27:22
uses-sdk
ADDED from AndroidManifest.xml:29:5
MERGED from com.android.support:support-v4:21.0.3:15:5
MERGED from com.google.android.gms:play-services:6.5.87:18:5
MERGED from com.android.support:support-v4:21.0.3:15:5
MERGED from com.github.satyan:sugar:1.3:7:5
	android:targetSdkVersion
		ADDED from AndroidManifest.xml:29:42
		INJECTED from AndroidManifest.xml:0:0
		INJECTED from AndroidManifest.xml:0:0
	android:minSdkVersion
		ADDED from AndroidManifest.xml:29:15
		INJECTED from AndroidManifest.xml:0:0
		INJECTED from AndroidManifest.xml:0:0
application
ADDED from AndroidManifest.xml:30:5
MERGED from com.android.support:support-v4:21.0.3:16:5
MERGED from com.google.android.gms:play-services:6.5.87:20:5
MERGED from com.android.support:support-v4:21.0.3:16:5
MERGED from com.github.satyan:sugar:1.3:11:5
	android:allowBackup
		ADDED from com.github.satyan:sugar:1.3:12:9
	android:label
		ADDED from AndroidManifest.xml:31:9
	android:icon
		ADDED from AndroidManifest.xml:32:9
	android:theme
		ADDED from AndroidManifest.xml:33:9
	android:name
		ADDED from AndroidManifest.xml:34:9
meta-data#DATABASE
ADDED from AndroidManifest.xml:36:9
	android:name
		ADDED from AndroidManifest.xml:36:20
	android:value
		ADDED from AndroidManifest.xml:36:44
meta-data#VERSION
ADDED from AndroidManifest.xml:37:9
	android:name
		ADDED from AndroidManifest.xml:37:20
	android:value
		ADDED from AndroidManifest.xml:37:43
meta-data#QUERY_LOG
ADDED from AndroidManifest.xml:38:9
	android:name
		ADDED from AndroidManifest.xml:38:20
	android:value
		ADDED from AndroidManifest.xml:38:45
meta-data#DOMAIN_PACKAGE_NAME
ADDED from AndroidManifest.xml:39:9
	android:name
		ADDED from AndroidManifest.xml:39:20
	android:value
		ADDED from AndroidManifest.xml:39:55
meta-data#com.google.android.gms.version
ADDED from AndroidManifest.xml:40:9
MERGED from com.google.android.gms:play-services:6.5.87:21:9
	android:name
		ADDED from AndroidManifest.xml:41:13
	android:value
		ADDED from AndroidManifest.xml:42:13
meta-data#com.google.android.maps.v2.API_KEY
ADDED from AndroidManifest.xml:43:9
	android:name
		ADDED from AndroidManifest.xml:44:13
	android:value
		ADDED from AndroidManifest.xml:45:13
activity#com.example.android.navigationdrawerexample.MainActivity
ADDED from AndroidManifest.xml:46:9
	android:label
		ADDED from AndroidManifest.xml:48:13
	android:name
		ADDED from AndroidManifest.xml:47:13
intent-filter#android.intent.action.MAIN+android.intent.category.LAUNCHER
ADDED from AndroidManifest.xml:49:13
action#android.intent.action.MAIN
ADDED from AndroidManifest.xml:50:17
	android:name
		ADDED from AndroidManifest.xml:50:25
category#android.intent.category.LAUNCHER
ADDED from AndroidManifest.xml:51:17
	android:name
		ADDED from AndroidManifest.xml:51:27